=== Delete Complaint Request ===
Timestamp: 2025-06-06 13:00:35
POST data: Array
(
    [id_number] => C230117
    [complaint_id] => 8
)

=== Delete Complaint Request ===
Timestamp: 2025-06-06 13:00:44
POST data: Array
(
    [id_number] => C230117
    [complaint_id] => 8
)

=== Delete Complaint Request ===
Timestamp: 2025-06-06 13:07:44
POST data: Array
(
    [id_number] => C230117
    [complaint_id] => 8
)

=== Delete Complaint Request ===
Timestamp: 2025-06-06 13:07:54
POST data: Array
(
    [id_number] => C230117
    [complaint_id] => 8
)

=== Delete Complaint Request ===
Timestamp: 2025-06-06 13:08:04
POST data: Array
(
)

Error: ID number and complaint ID are required.

=== Delete Complaint Request ===
Timestamp: 2025-06-06 13:08:04
POST data: Array
(
)

Error: ID number and complaint ID are required.

=== Delete Complaint Request ===
Timestamp: 2025-06-06 13:08:04
POST data: Array
(
)

Error: ID number and complaint ID are required.

=== Delete Complaint Request ===
Timestamp: 2025-06-06 13:08:05
POST data: Array
(
)

Error: ID number and complaint ID are required.

=== Delete Complaint Request ===
Timestamp: 2025-06-06 13:08:05
POST data: Array
(
)

Error: ID number and complaint ID are required.

=== Delete Complaint Request ===
Timestamp: 2025-06-06 13:11:56
POST data: Array
(
    [id_number] => C230117
    [complaint_id] => 8
)

=== Delete Complaint Request ===
Timestamp: 2025-06-06 13:14:25
POST data: Array
(
    [id_number] => C230117
    [complaint_id] => 10
)

=== Delete Complaint Request ===
Timestamp: 2025-06-06 13:18:14
POST data: Array
(
)

Error: ID number and complaint ID are required

=== Delete Complaint Request ===
Timestamp: 2025-06-06 13:18:18
POST data: Array
(
    [id_number] => C230117
    [complaint_id] => 8
)

=== Delete Complaint Request ===
Timestamp: 2025-06-06 13:25:02
POST data: Array
(
    [id_number] => C230117
    [complaint_id] => 8
)

Deleting complaintId: 8 for id_number: C230117
Delete successful.

=== Delete Complaint Request ===
Timestamp: 2025-06-06 13:25:23
POST data: Array
(
    [id_number] => C230117
    [complaint_id] => 10
)

Deleting complaintId: 10 for id_number: C230117
Delete successful.

=== Delete Complaint Request ===
Timestamp: 2025-06-06 13:25:35
POST data: Array
(
    [id_number] => C230118
    [complaint_id] => 7
)

Deleting complaintId: 7 for id_number: C230118
Delete successful.

=== Delete Complaint Request ===
Timestamp: 2025-06-06 13:25:39
POST data: Array
(
    [id_number] => C230118
    [complaint_id] => 9
)

Deleting complaintId: 9 for id_number: C230118
Delete successful.

=== Delete Complaint Request ===
Timestamp: 2025-06-06 13:26:08
POST data: Array
(
    [id_number] => C230117
    [complaint_id] => 12
)

Deleting complaintId: 12 for id_number: C230117
Delete successful.

=== Delete Complaint Request ===
Timestamp: 2025-06-06 13:26:52
POST data: Array
(
    [id_number] => C230118
    [complaint_id] => 11
)

Deleting complaintId: 11 for id_number: C230118
Delete successful.

=== Delete Complaint Request ===
Timestamp: 2025-06-06 13:47:11
POST data: Array
(
    [id_number] => C230117
    [complaint_id] => 13
)

Deleting complaintId: 13 for id_number: C230117
Delete successful.

=== Delete Complaint Request ===
Timestamp: 2025-06-06 13:52:10
POST data: Array
(
    [id_number] => C230117
    [complaint_id] => 14
)

Deleting complaintId: 14 for id_number: C230117
Delete successful.

=== Delete Complaint Request ===
Timestamp: 2025-06-06 13:53:39
POST data: Array
(
    [id_number] => C230117
    [complaint_id] => 15
)

Deleting complaintId: 15 for id_number: C230117
Delete successful.

=== Delete Complaint Request ===
Timestamp: 2025-06-06 13:54:19
POST data: Array
(
    [id_number] => C230117
    [complaint_id] => 16
)

Deleting complaintId: 16 for id_number: C230117
Delete successful.

=== Delete Complaint Request ===
Timestamp: 2025-06-06 14:00:36
POST data: Array
(
    [id_number] => C230117
    [complaint_id] => 17
)

Deleting complaintId: 17 for id_number: C230117
Delete successful.

=== Delete Complaint Request ===
Timestamp: 2025-06-06 14:01:19
POST data: Array
(
    [id_number] => C230117
    [complaint_id] => 18
)

Deleting complaintId: 18 for id_number: C230117
Delete successful.

=== Delete Complaint Request ===
Timestamp: 2025-06-06 14:03:23
POST data: Array
(
    [id_number] => C230117
    [complaint_id] => 19
)

Deleting complaintId: 19 for id_number: C230117
Delete successful.

=== Delete Complaint Request ===
Timestamp: 2025-06-06 14:04:03
POST data: Array
(
    [id_number] => C230117
    [complaint_id] => 20
)

Deleting complaintId: 20 for id_number: C230117
Delete successful.

=== Delete Complaint Request ===
Timestamp: 2025-06-06 14:04:30
POST data: Array
(
    [id_number] => C230117
    [complaint_id] => 21
)

Deleting complaintId: 21 for id_number: C230117
Delete successful.

=== Delete Complaint Request ===
Timestamp: 2025-06-06 14:08:59
POST data: Array
(
    [id_number] => C230117
    [complaint_id] => 22
)

Deleting complaintId: 22 for id_number: C230117
Delete successful.

=== Delete Complaint Request ===
Timestamp: 2025-06-06 14:17:10
POST data: Array
(
    [id_number] => C230117
    [complaint_id] => 23
)

Deleting complaintId: 23 for id_number: C230117
Delete successful.

=== Delete Complaint Request ===
Timestamp: 2025-06-06 14:22:08
POST data: Array
(
    [id_number] => C230117
    [complaint_id] => 24
)

Deleting complaintId: 24 for id_number: C230117
Delete successful.

=== Delete Complaint Request ===
Timestamp: 2025-06-06 14:29:43
POST data: Array
(
    [id_number] => C230117
    [complaint_id] => 25
)

Deleting complaintId: 25 for id_number: C230117
Delete successful.

=== Delete Complaint Request ===
Timestamp: 2025-06-06 14:29:57
POST data: Array
(
    [id_number] => C230117
    [complaint_id] => 26
)

Deleting complaintId: 26 for id_number: C230117
Delete successful.

=== Delete Complaint Request ===
Timestamp: 2025-06-06 14:30:24
POST data: Array
(
    [id_number] => C230118
    [complaint_id] => 28
)

Deleting complaintId: 28 for id_number: C230118
Delete successful.

=== Delete Complaint Request ===
Timestamp: 2025-06-06 14:30:30
POST data: Array
(
    [id_number] => C230117
    [complaint_id] => 27
)

Deleting complaintId: 27 for id_number: C230117
Delete successful.

=== Delete Complaint Request ===
Timestamp: 2025-06-06 19:48:37
POST data: Array
(
    [id_number] => C230117
    [complaint_id] => 29
)

Deleting complaintId: 29 for id_number: C230117
Delete successful.

=== Delete Complaint Request ===
Timestamp: 2025-06-08 03:53:35
POST data: Array
(
)

Error: ID number and complaint ID are required.

=== Delete Complaint Request ===
Timestamp: 2025-06-08 03:56:00
POST data: Array
(
    [id_number] => C230117
    [complaint_id] => 30
)

Deleting complaintId: 30 for id_number: C230117
Delete successful.

=== Delete Complaint Request ===
Timestamp: 2025-06-08 03:56:08
POST data: Array
(
    [id_number] => C230118
    [complaint_id] => 31
)

Deleting complaintId: 31 for id_number: C230118
Delete successful.

=== Delete Complaint Request ===
Timestamp: 2025-06-08 15:23:20
POST data: Array
(
)

Error: ID number and complaint ID are required.

=== Delete Complaint Request ===
Timestamp: 2025-06-08 15:27:17
POST data: Array
(
    [id_number] => C230117
    [complaint_id] => 32
)

Deleting complaintId: 32 for id_number: C230117
Delete successful.

=== Delete Complaint Request ===
Timestamp: 2025-06-08 15:36:36
POST data: Array
(
)

Error: ID number and complaint ID are required.

